-------------------------------------------------------------------------------
Test set: com.partner.test.runners.Runner
-------------------------------------------------------------------------------
Tests run: 31, Failures: 0, Errors: 2, Skipped: 28, Time elapsed: 31.423 sec <<< FAILURE! - in com.partner.test.runners.Runner
When I enter my destination "New York City"(| 20-03-2016 | 23-03-2016 | United States | New York City |)  Time elapsed: 0.079 sec  <<< ERROR!
java.lang.RuntimeException: Unable to load Sizzle.js from classpath (non recoverable so propagating as RuntimeException
	at com.partner.test.helper.SizzleSelector.getAmdHackSizzle(SizzleSelector.java:99)
	at com.partner.test.helper.SizzleSelector.injectSizzle(SizzleSelector.java:80)
	at com.partner.test.helper.SizzleSelector.injectSizzleIfNeeded(SizzleSelector.java:61)
	at com.partner.test.helper.SizzleSelector.findElementBySizzleCss(SizzleSelector.java:36)
	at com.partner.test.utility.SmithHotelFireFoxDriver.findElementByCssSelector(SmithHotelFireFoxDriver.java:34)
	at org.openqa.selenium.By$ByCssSelector.findElement(By.java:426)
	at org.openqa.selenium.remote.RemoteWebDriver.findElement(RemoteWebDriver.java:350)
	at org.openqa.selenium.support.pagefactory.DefaultElementLocator.findElement(DefaultElementLocator.java:69)
	at org.openqa.selenium.support.pagefactory.internal.LocatingElementHandler.invoke(LocatingElementHandler.java:38)
	at com.sun.proxy.$Proxy18.isDisplayed(Unknown Source)
	at com.partner.test.utility.Driver$1.apply(Driver.java:51)
	at com.partner.test.utility.Driver$1.apply(Driver.java:48)
	at org.openqa.selenium.support.ui.FluentWait.until(FluentWait.java:209)
	at com.partner.test.utility.Driver.waitForElementDisplay(Driver.java:48)
	at com.partner.test.pages.SmithPartnerBookingPage.enterHotelDestination(SmithPartnerBookingPage.java:227)
	at com.partner.test.step_def.SmithPartner_SD.i_enter_my_destination(SmithPartner_SD.java:27)
	at ?.When I enter my destination "New York City"(src/test/Resource/SmithPartnerBooking.feature:8)
Caused by: java.io.FileNotFoundException: class path resource [sizzle.js] cannot be opened because it does not exist
	at org.springframework.core.io.ClassPathResource.getInputStream(ClassPathResource.java:157)
	at com.partner.test.helper.SizzleSelector.getResourceContents(SizzleSelector.java:110)
	at com.partner.test.helper.SizzleSelector.readClasspathFile(SizzleSelector.java:104)
	at com.partner.test.helper.SizzleSelector.getAmdHackSizzle(SizzleSelector.java:96)
	at com.partner.test.helper.SizzleSelector.injectSizzle(SizzleSelector.java:80)
	at com.partner.test.helper.SizzleSelector.injectSizzleIfNeeded(SizzleSelector.java:61)
	at com.partner.test.helper.SizzleSelector.findElementBySizzleCss(SizzleSelector.java:36)
	at com.partner.test.utility.SmithHotelFireFoxDriver.findElementByCssSelector(SmithHotelFireFoxDriver.java:34)
	at org.openqa.selenium.By$ByCssSelector.findElement(By.java:426)
	at org.openqa.selenium.remote.RemoteWebDriver.findElement(RemoteWebDriver.java:350)
	at org.openqa.selenium.support.pagefactory.DefaultElementLocator.findElement(DefaultElementLocator.java:69)
	at org.openqa.selenium.support.pagefactory.internal.LocatingElementHandler.invoke(LocatingElementHandler.java:38)
	at com.sun.proxy.$Proxy18.isDisplayed(Unknown Source)
	at com.partner.test.utility.Driver$1.apply(Driver.java:51)
	at com.partner.test.utility.Driver$1.apply(Driver.java:48)
	at org.openqa.selenium.support.ui.FluentWait.until(FluentWait.java:209)
	at com.partner.test.utility.Driver.waitForElementDisplay(Driver.java:48)
	at com.partner.test.pages.SmithPartnerBookingPage.enterHotelDestination(SmithPartnerBookingPage.java:227)
	at com.partner.test.step_def.SmithPartner_SD.i_enter_my_destination(SmithPartner_SD.java:27)
	at sun.reflect.NativeMethodAccessorImpl.invoke0(Native Method)
	at sun.reflect.NativeMethodAccessorImpl.invoke(NativeMethodAccessorImpl.java:62)
	at sun.reflect.DelegatingMethodAccessorImpl.invoke(DelegatingMethodAccessorImpl.java:43)
	at java.lang.reflect.Method.invoke(Method.java:497)
	at cucumber.runtime.Utils$1.call(Utils.java:37)
	at cucumber.runtime.Timeout.timeout(Timeout.java:13)
	at cucumber.runtime.Utils.invoke(Utils.java:31)
	at cucumber.runtime.java.JavaStepDefinition.execute(JavaStepDefinition.java:37)
	at cucumber.runtime.StepDefinitionMatch.runStep(StepDefinitionMatch.java:37)
	at cucumber.runtime.Runtime.runStep(Runtime.java:298)
	at cucumber.runtime.model.StepContainer.runStep(StepContainer.java:44)
	at cucumber.runtime.model.StepContainer.runSteps(StepContainer.java:39)
	at cucumber.runtime.model.CucumberScenario.run(CucumberScenario.java:48)
	at cucumber.runtime.junit.ExecutionUnitRunner.run(ExecutionUnitRunner.java:91)
	at org.junit.runners.Suite.runChild(Suite.java:128)
	at org.junit.runners.Suite.runChild(Suite.java:27)
	at org.junit.runners.ParentRunner$3.run(ParentRunner.java:290)
	at org.junit.runners.ParentRunner$1.schedule(ParentRunner.java:71)
	at org.junit.runners.ParentRunner.runChildren(ParentRunner.java:288)
	at org.junit.runners.ParentRunner.access$000(ParentRunner.java:58)
	at org.junit.runners.ParentRunner$2.evaluate(ParentRunner.java:268)
	at org.junit.runners.ParentRunner.run(ParentRunner.java:363)
	at cucumber.runtime.junit.ExamplesRunner.run(ExamplesRunner.java:59)
	at org.junit.runners.Suite.runChild(Suite.java:128)
	at org.junit.runners.Suite.runChild(Suite.java:27)
	at org.junit.runners.ParentRunner$3.run(ParentRunner.java:290)
	at org.junit.runners.ParentRunner$1.schedule(ParentRunner.java:71)
	at org.junit.runners.ParentRunner.runChildren(ParentRunner.java:288)
	at org.junit.runners.ParentRunner.access$000(ParentRunner.java:58)
	at org.junit.runners.ParentRunner$2.evaluate(ParentRunner.java:268)
	at org.junit.runners.ParentRunner.run(ParentRunner.java:363)
	at cucumber.runtime.junit.ScenarioOutlineRunner.run(ScenarioOutlineRunner.java:53)
	at cucumber.runtime.junit.FeatureRunner.runChild(FeatureRunner.java:63)
	at cucumber.runtime.junit.FeatureRunner.runChild(FeatureRunner.java:18)
	at org.junit.runners.ParentRunner$3.run(ParentRunner.java:290)
	at org.junit.runners.ParentRunner$1.schedule(ParentRunner.java:71)
	at org.junit.runners.ParentRunner.runChildren(ParentRunner.java:288)
	at org.junit.runners.ParentRunner.access$000(ParentRunner.java:58)
	at org.junit.runners.ParentRunner$2.evaluate(ParentRunner.java:268)
	at org.junit.runners.ParentRunner.run(ParentRunner.java:363)
	at cucumber.runtime.junit.FeatureRunner.run(FeatureRunner.java:70)
	at cucumber.api.junit.Cucumber.runChild(Cucumber.java:93)
	at cucumber.api.junit.Cucumber.runChild(Cucumber.java:37)
	at org.junit.runners.ParentRunner$3.run(ParentRunner.java:290)
	at org.junit.runners.ParentRunner$1.schedule(ParentRunner.java:71)
	at org.junit.runners.ParentRunner.runChildren(ParentRunner.java:288)
	at org.junit.runners.ParentRunner.access$000(ParentRunner.java:58)
	at org.junit.runners.ParentRunner$2.evaluate(ParentRunner.java:268)
	at org.junit.internal.runners.statements.RunBefores.evaluate(RunBefores.java:26)
	at org.junit.internal.runners.statements.RunAfters.evaluate(RunAfters.java:27)
	at org.junit.runners.ParentRunner.run(ParentRunner.java:363)
	at cucumber.api.junit.Cucumber.run(Cucumber.java:98)
	at org.apache.maven.surefire.junit4.JUnit4Provider.execute(JUnit4Provider.java:283)
	at org.apache.maven.surefire.junit4.JUnit4Provider.executeWithRerun(JUnit4Provider.java:173)
	at org.apache.maven.surefire.junit4.JUnit4Provider.executeTestSet(JUnit4Provider.java:153)
	at org.apache.maven.surefire.junit4.JUnit4Provider.invoke(JUnit4Provider.java:128)
	at org.apache.maven.surefire.booter.ForkedBooter.invokeProviderInSameClassLoader(ForkedBooter.java:203)
	at org.apache.maven.surefire.booter.ForkedBooter.runSuitesInProcess(ForkedBooter.java:155)
	at org.apache.maven.surefire.booter.ForkedBooter.main(ForkedBooter.java:103)

| 20-03-2016 | 23-03-2016 | United States | New York City |  Time elapsed: 0.079 sec  <<< ERROR!
java.lang.RuntimeException: Unable to load Sizzle.js from classpath (non recoverable so propagating as RuntimeException
	at com.partner.test.helper.SizzleSelector.getAmdHackSizzle(SizzleSelector.java:99)
	at com.partner.test.helper.SizzleSelector.injectSizzle(SizzleSelector.java:80)
	at com.partner.test.helper.SizzleSelector.injectSizzleIfNeeded(SizzleSelector.java:61)
	at com.partner.test.helper.SizzleSelector.findElementBySizzleCss(SizzleSelector.java:36)
	at com.partner.test.utility.SmithHotelFireFoxDriver.findElementByCssSelector(SmithHotelFireFoxDriver.java:34)
	at org.openqa.selenium.By$ByCssSelector.findElement(By.java:426)
	at org.openqa.selenium.remote.RemoteWebDriver.findElement(RemoteWebDriver.java:350)
	at org.openqa.selenium.support.pagefactory.DefaultElementLocator.findElement(DefaultElementLocator.java:69)
	at org.openqa.selenium.support.pagefactory.internal.LocatingElementHandler.invoke(LocatingElementHandler.java:38)
	at com.sun.proxy.$Proxy18.isDisplayed(Unknown Source)
	at com.partner.test.utility.Driver$1.apply(Driver.java:51)
	at com.partner.test.utility.Driver$1.apply(Driver.java:48)
	at org.openqa.selenium.support.ui.FluentWait.until(FluentWait.java:209)
	at com.partner.test.utility.Driver.waitForElementDisplay(Driver.java:48)
	at com.partner.test.pages.SmithPartnerBookingPage.enterHotelDestination(SmithPartnerBookingPage.java:227)
	at com.partner.test.step_def.SmithPartner_SD.i_enter_my_destination(SmithPartner_SD.java:27)
	at ?.When I enter my destination "New York City"(src/test/Resource/SmithPartnerBooking.feature:8)
Caused by: java.io.FileNotFoundException: class path resource [sizzle.js] cannot be opened because it does not exist
	at org.springframework.core.io.ClassPathResource.getInputStream(ClassPathResource.java:157)
	at com.partner.test.helper.SizzleSelector.getResourceContents(SizzleSelector.java:110)
	at com.partner.test.helper.SizzleSelector.readClasspathFile(SizzleSelector.java:104)
	at com.partner.test.helper.SizzleSelector.getAmdHackSizzle(SizzleSelector.java:96)
	at com.partner.test.helper.SizzleSelector.injectSizzle(SizzleSelector.java:80)
	at com.partner.test.helper.SizzleSelector.injectSizzleIfNeeded(SizzleSelector.java:61)
	at com.partner.test.helper.SizzleSelector.findElementBySizzleCss(SizzleSelector.java:36)
	at com.partner.test.utility.SmithHotelFireFoxDriver.findElementByCssSelector(SmithHotelFireFoxDriver.java:34)
	at org.openqa.selenium.By$ByCssSelector.findElement(By.java:426)
	at org.openqa.selenium.remote.RemoteWebDriver.findElement(RemoteWebDriver.java:350)
	at org.openqa.selenium.support.pagefactory.DefaultElementLocator.findElement(DefaultElementLocator.java:69)
	at org.openqa.selenium.support.pagefactory.internal.LocatingElementHandler.invoke(LocatingElementHandler.java:38)
	at com.sun.proxy.$Proxy18.isDisplayed(Unknown Source)
	at com.partner.test.utility.Driver$1.apply(Driver.java:51)
	at com.partner.test.utility.Driver$1.apply(Driver.java:48)
	at org.openqa.selenium.support.ui.FluentWait.until(FluentWait.java:209)
	at com.partner.test.utility.Driver.waitForElementDisplay(Driver.java:48)
	at com.partner.test.pages.SmithPartnerBookingPage.enterHotelDestination(SmithPartnerBookingPage.java:227)
	at com.partner.test.step_def.SmithPartner_SD.i_enter_my_destination(SmithPartner_SD.java:27)
	at sun.reflect.NativeMethodAccessorImpl.invoke0(Native Method)
	at sun.reflect.NativeMethodAccessorImpl.invoke(NativeMethodAccessorImpl.java:62)
	at sun.reflect.DelegatingMethodAccessorImpl.invoke(DelegatingMethodAccessorImpl.java:43)
	at java.lang.reflect.Method.invoke(Method.java:497)
	at cucumber.runtime.Utils$1.call(Utils.java:37)
	at cucumber.runtime.Timeout.timeout(Timeout.java:13)
	at cucumber.runtime.Utils.invoke(Utils.java:31)
	at cucumber.runtime.java.JavaStepDefinition.execute(JavaStepDefinition.java:37)
	at cucumber.runtime.StepDefinitionMatch.runStep(StepDefinitionMatch.java:37)
	at cucumber.runtime.Runtime.runStep(Runtime.java:298)
	at cucumber.runtime.model.StepContainer.runStep(StepContainer.java:44)
	at cucumber.runtime.model.StepContainer.runSteps(StepContainer.java:39)
	at cucumber.runtime.model.CucumberScenario.run(CucumberScenario.java:48)
	at cucumber.runtime.junit.ExecutionUnitRunner.run(ExecutionUnitRunner.java:91)
	at org.junit.runners.Suite.runChild(Suite.java:128)
	at org.junit.runners.Suite.runChild(Suite.java:27)
	at org.junit.runners.ParentRunner$3.run(ParentRunner.java:290)
	at org.junit.runners.ParentRunner$1.schedule(ParentRunner.java:71)
	at org.junit.runners.ParentRunner.runChildren(ParentRunner.java:288)
	at org.junit.runners.ParentRunner.access$000(ParentRunner.java:58)
	at org.junit.runners.ParentRunner$2.evaluate(ParentRunner.java:268)
	at org.junit.runners.ParentRunner.run(ParentRunner.java:363)
	at cucumber.runtime.junit.ExamplesRunner.run(ExamplesRunner.java:59)
	at org.junit.runners.Suite.runChild(Suite.java:128)
	at org.junit.runners.Suite.runChild(Suite.java:27)
	at org.junit.runners.ParentRunner$3.run(ParentRunner.java:290)
	at org.junit.runners.ParentRunner$1.schedule(ParentRunner.java:71)
	at org.junit.runners.ParentRunner.runChildren(ParentRunner.java:288)
	at org.junit.runners.ParentRunner.access$000(ParentRunner.java:58)
	at org.junit.runners.ParentRunner$2.evaluate(ParentRunner.java:268)
	at org.junit.runners.ParentRunner.run(ParentRunner.java:363)
	at cucumber.runtime.junit.ScenarioOutlineRunner.run(ScenarioOutlineRunner.java:53)
	at cucumber.runtime.junit.FeatureRunner.runChild(FeatureRunner.java:63)
	at cucumber.runtime.junit.FeatureRunner.runChild(FeatureRunner.java:18)
	at org.junit.runners.ParentRunner$3.run(ParentRunner.java:290)
	at org.junit.runners.ParentRunner$1.schedule(ParentRunner.java:71)
	at org.junit.runners.ParentRunner.runChildren(ParentRunner.java:288)
	at org.junit.runners.ParentRunner.access$000(ParentRunner.java:58)
	at org.junit.runners.ParentRunner$2.evaluate(ParentRunner.java:268)
	at org.junit.runners.ParentRunner.run(ParentRunner.java:363)
	at cucumber.runtime.junit.FeatureRunner.run(FeatureRunner.java:70)
	at cucumber.api.junit.Cucumber.runChild(Cucumber.java:93)
	at cucumber.api.junit.Cucumber.runChild(Cucumber.java:37)
	at org.junit.runners.ParentRunner$3.run(ParentRunner.java:290)
	at org.junit.runners.ParentRunner$1.schedule(ParentRunner.java:71)
	at org.junit.runners.ParentRunner.runChildren(ParentRunner.java:288)
	at org.junit.runners.ParentRunner.access$000(ParentRunner.java:58)
	at org.junit.runners.ParentRunner$2.evaluate(ParentRunner.java:268)
	at org.junit.internal.runners.statements.RunBefores.evaluate(RunBefores.java:26)
	at org.junit.internal.runners.statements.RunAfters.evaluate(RunAfters.java:27)
	at org.junit.runners.ParentRunner.run(ParentRunner.java:363)
	at cucumber.api.junit.Cucumber.run(Cucumber.java:98)
	at org.apache.maven.surefire.junit4.JUnit4Provider.execute(JUnit4Provider.java:283)
	at org.apache.maven.surefire.junit4.JUnit4Provider.executeWithRerun(JUnit4Provider.java:173)
	at org.apache.maven.surefire.junit4.JUnit4Provider.executeTestSet(JUnit4Provider.java:153)
	at org.apache.maven.surefire.junit4.JUnit4Provider.invoke(JUnit4Provider.java:128)
	at org.apache.maven.surefire.booter.ForkedBooter.invokeProviderInSameClassLoader(ForkedBooter.java:203)
	at org.apache.maven.surefire.booter.ForkedBooter.runSuitesInProcess(ForkedBooter.java:155)
	at org.apache.maven.surefire.booter.ForkedBooter.main(ForkedBooter.java:103)

